<?xml version="1.0" encoding="UTF-8"?>
<!-- Generated by org.testng.reporters.JUnitXMLReporter -->
<testsuite hostname="DESKTOP-5QK9A1K" ignored="4" name="exampletest" tests="2" failures="2" timestamp="03 Jun 2020 07:39:15 GMT" time="40.538" errors="0">
  <testcase name="clickChipView" time="17.486" classname="test.chipViewTest">
    <failure type="java.lang.AssertionError" message="null">
      <![CDATA[java.lang.AssertionError: null
at test.chipViewTest.clickChipView(chipViewTest.java:42)
... Removed 30 stack frames]]>
    </failure>
  </testcase> <!-- clickChipView -->
  <testcase name="UpdateAppPositive" time="1.227" classname="test.DownloadAppTest">
    <failure type="java.lang.AssertionError" message="null">
      <![CDATA[java.lang.AssertionError: null
at test.DownloadAppTest.UpdateAppPositive(DownloadAppTest.java:32)
... Removed 30 stack frames]]>
    </failure>
  </testcase> <!-- UpdateAppPositive -->
  <testcase name="@BeforeTest setup" time="0.0" classname="test.BaseClass">
    <ignored/>
  </testcase> <!-- @BeforeTest setup -->
  <testcase name="@AfterSuite ExtentTearDown" time="0.0" classname="test.ExtentReportDemo">
    <ignored/>
  </testcase> <!-- @AfterSuite ExtentTearDown -->
  <testcase name="@BeforeSuite ExtentSetup" time="0.0" classname="test.ExtentReportDemo">
    <ignored/>
  </testcase> <!-- @BeforeSuite ExtentSetup -->
  <testcase name="@AfterTest tearDown" time="0.0" classname="test.BaseClass">
    <ignored/>
  </testcase> <!-- @AfterTest tearDown -->
</testsuite> <!-- exampletest -->
